Added Component: Designator=MAX30102(XH2.54M-4)
Add component (AddParameter): Name = "Chung_Loai"; Value = "C?m"; VariantName = "[No Variations]"
Add component (AddParameter): Name = "Don_Vi"; Value = "Con"; VariantName = "[No Variations]"
Add component (AddParameter): Name = "Ghi_Chu"; Value = ""; VariantName = "[No Variations]"
Add component (AddParameter): Name = "Kieu_Chan"; Value = ""; VariantName = "[No Variations]"
Add component (AddParameter): Name = "Ma_Hang"; Value = "MH001285"; VariantName = "[No Variations]"
Add component (AddParameter): Name = "Ten_Linh_Kien"; Value = "Header 4P XH2.54-4P Ð?c Th?ng"; VariantName = "[No Variations]"
Added Component: Designator=Oled 0.96(XH2.54M-4)
Add component (AddParameter): Name = "Chung_Loai"; Value = "C?m"; VariantName = "[No Variations]"
Add component (AddParameter): Name = "Don_Vi"; Value = "Con"; VariantName = "[No Variations]"
Add component (AddParameter): Name = "Ghi_Chu"; Value = ""; VariantName = "[No Variations]"
Add component (AddParameter): Name = "Kieu_Chan"; Value = ""; VariantName = "[No Variations]"
Add component (AddParameter): Name = "Ma_Hang"; Value = "MH001285"; VariantName = "[No Variations]"
Add component (AddParameter): Name = "Ten_Linh_Kien"; Value = "Header 4P XH2.54-4P Ð?c Th?ng"; VariantName = "[No Variations]"
Added Pin To Net: NetName=Vin Pin=MAX30102-1
Added Pin To Net: NetName=SDA Pin=MAX30102-2
Added Pin To Net: NetName=SCL Pin=MAX30102-3
Added Pin To Net: NetName=GND Pin=MAX30102-4
Added Pin To Net: NetName=SDA Pin=Oled 0.96-1
Added Pin To Net: NetName=SCL Pin=Oled 0.96-2
Added Pin To Net: NetName=Vin Pin=Oled 0.96-3
Added Pin To Net: NetName=GND Pin=Oled 0.96-4
Added Member To Class: ClassName=DATN Member=Component MAX30102 Header 4P 2.54 Duc Thang
Added Member To Class: ClassName=DATN Member=Component Oled 0.96 Header 4P 2.54 Duc Thang
